2022-06-28 20:58:41 - INFO     | FUNCTION: EXTRACT
2022-06-28 20:58:41 - INFO     | Timer Started: FUNCTION=__main__:extract
2022-06-28 20:58:41 - INFO     | Extracting Data
2022-06-28 20:58:41 - INFO     | Timer Started: Loading UN Generate Debate Dataset - Saving to /artifacts/data/raw/un-general-debates-blueprint.pkl
2022-06-28 20:58:41 - INFO     | This dataset was copied from https://github.com/blueprints-for-text-analytics-python/blueprints-text/tree/master/data/un-general-debates
2022-06-28 20:58:52 - INFO     | Timer Finished: (11.07 seconds)
2022-06-28 20:58:52 - INFO     | Timer Started: Loading Reddit Dataset - Saving to /artifacts/data/raw/reddit.pkl
2022-06-28 20:58:52 - INFO     | This dataset was copied from https://github.com/blueprints-for-text-analytics-python/blueprints-text/tree/master/data/reddit-selfposts
2022-06-28 20:58:53 - INFO     | Timer Finished: (1.53 seconds)
2022-06-28 20:58:53 - INFO     | Timer Finished: FUNCTION=__main__:extract (12.77 seconds)
2022-06-28 20:58:56 - INFO     | FUNCTION: TRANSFORM
2022-06-28 20:58:56 - INFO     | Timer Started: FUNCTION=__main__:transform
2022-06-28 20:58:56 - INFO     | Transforming Data
2022-06-28 20:58:56 - INFO     | Timer Started: Loading UN Generate Debate Dataset
2022-06-28 20:59:01 - INFO     | Timer Finished: (5.04 seconds)
2022-06-28 20:59:01 - INFO     | Timer Started: UN Debate - Processing Text Data
2022-06-28 20:59:01 - INFO     | Generating tokens a.k.a uni-grams.
2022-06-28 20:59:14 - INFO     | Generating bi-grams.
2022-06-28 21:00:50 - INFO     | Timer Finished: (109.07 seconds)
2022-06-28 21:00:51 - INFO     | Timer Started: Saving processed UN Debate dataset to /artifacts/data/processed/un-general-debates-blueprint.pkl
2022-06-28 21:01:42 - INFO     | Timer Finished: (50.96 seconds)
2022-06-28 21:01:42 - INFO     | Timer Started: Creating UN dataset that is Per Year/Country/Paragraph
2022-06-28 21:01:46 - INFO     | Timer Finished: (3.85 seconds)
2022-06-28 21:01:46 - INFO     | Timer Started: Saving UN Paragraphs dataset to /artifacts/data/processed/un-general-debates-paragraphs.pkl
2022-06-28 21:01:54 - INFO     | Timer Finished: (8.34 seconds)
2022-06-28 21:01:54 - INFO     | Timer Started: Loading Reddit Dataset - Sampling 5K rows.
2022-06-28 21:01:55 - INFO     | Timer Finished: (0.77 seconds)
2022-06-28 21:01:55 - INFO     | Timer Started: Loading Reddit Dataset - Calculating Impurity
2022-06-28 21:01:55 - INFO     | Timer Finished: (0.10 seconds)
2022-06-28 21:01:55 - INFO     | Timer Started: Cleaning Data
2022-06-28 21:01:58 - INFO     | Timer Finished: (2.81 seconds)
2022-06-28 21:01:58 - INFO     | Timer Started: Tokenizing & Extracting
2022-06-28 21:02:00 - INFO     | Processing Batch 1 of 10
2022-06-28 21:02:14 - INFO     | Processing Batch 2 of 10
2022-06-28 21:02:21 - INFO     | Processing Batch 3 of 10
2022-06-28 21:02:29 - INFO     | Processing Batch 4 of 10
2022-06-28 21:02:45 - INFO     | Processing Batch 5 of 10
2022-06-28 21:02:52 - INFO     | Processing Batch 6 of 10
2022-06-28 21:02:59 - INFO     | Processing Batch 7 of 10
2022-06-28 21:03:06 - INFO     | Processing Batch 8 of 10
2022-06-28 21:03:14 - INFO     | Processing Batch 9 of 10
2022-06-28 21:03:21 - INFO     | Processing Batch 10 of 10
2022-06-28 21:03:28 - INFO     | Timer Finished: (89.89 seconds)
2022-06-28 21:03:29 - INFO     | Timer Started: Reddit - Predicting Language
2022-06-28 21:03:48 - INFO     | Language was not able to be determined on 4 records.
2022-06-28 21:03:48 - INFO     | Timer Finished: (19.58 seconds)
2022-06-28 21:03:48 - INFO     | Timer Started: Saving processed Reddit dataset to /artifacts/data/processed/reddit.pkl
2022-06-28 21:03:50 - INFO     | Timer Finished: (1.82 seconds)
2022-06-28 21:03:55 - INFO     | Timer Finished: FUNCTION=__main__:transform (298.91 seconds)
2022-06-28 21:04:08 - INFO     | Timer Started: Loading Data
2022-06-28 21:04:20 - INFO     | Timer Finished: (12.89 seconds)
2022-06-28 23:21:13 - INFO     | Timer Started: Loading Data
2022-06-28 23:21:20 - INFO     | Timer Finished: (7.33 seconds)
2022-06-28 23:22:07 - INFO     | Timer Started: Loading Data
2022-06-28 23:22:07 - INFO     | Timer Finished: (0.61 seconds)
2022-06-28 23:22:21 - INFO     | FUNCTION: NMF
2022-06-28 23:22:21 - INFO     | PARAMS:
2022-06-28 23:22:21 - INFO     |     num_topics: 10
2022-06-28 23:22:21 - INFO     |     ngrams_low: 1
2022-06-28 23:22:21 - INFO     |     ngrams_high: 3
2022-06-28 23:22:21 - INFO     |     num_samples: 5000
2022-06-28 23:22:21 - INFO     | Timer Started: FUNCTION=__main__:nmf
2022-06-28 23:22:21 - INFO     | Running NMF.
2022-06-28 23:22:21 - INFO     | Number of Topics : 10
2022-06-28 23:22:21 - INFO     | N-Gram Range     : 1-3
2022-06-28 23:22:21 - INFO     | Number of Samples: 5000
2022-06-28 23:22:21 - INFO     | Timer Started: Loading Data
2022-06-28 23:22:25 - INFO     | Timer Finished: (4.18 seconds)
2022-06-28 23:22:25 - INFO     | Timer Started: Calculating TF-IDF
2022-06-28 23:22:25 - INFO     | Saving NMF vectorizer: artifacts/models/topics/nmf-topics-10-ngrams-1-3__vectorizer.pkl
2022-06-28 23:22:26 - INFO     | Saving NMF vectors: artifacts/models/topics/nmf-topics-10-ngrams-1-3__vectors.pkl
2022-06-28 23:22:26 - INFO     | Timer Finished: (1.70 seconds)
2022-06-28 23:22:26 - INFO     | Timer Started: Running Non-Negative Matrix Factorization (NMF)
2022-06-28 23:22:27 - INFO     | Saving NMF model: artifacts/models/topics/nmf-topics-10-ngrams-1-3__model.pkl
2022-06-28 23:22:27 - INFO     | Timer Finished: (0.96 seconds)
2022-06-28 23:22:28 - INFO     | Timer Finished: FUNCTION=__main__:nmf (6.99 seconds)
2022-06-28 23:22:30 - INFO     | FUNCTION: LDA
2022-06-28 23:22:30 - INFO     | PARAMS:
2022-06-28 23:22:30 - INFO     |     num_topics: 10
2022-06-28 23:22:30 - INFO     |     ngrams_low: 1
2022-06-28 23:22:30 - INFO     |     ngrams_high: 3
2022-06-28 23:22:30 - INFO     |     num_samples: 5000
2022-06-28 23:22:30 - INFO     | Timer Started: FUNCTION=__main__:lda
2022-06-28 23:22:30 - INFO     | Running LDA.
2022-06-28 23:22:30 - INFO     | Number of Topics : 10
2022-06-28 23:22:30 - INFO     | N-Gram Range     : 1-3
2022-06-28 23:22:30 - INFO     | Number of Samples: 5000
2022-06-28 23:22:30 - INFO     | Timer Started: Loading Data
2022-06-28 23:22:30 - INFO     | Timer Finished: (0.36 seconds)
2022-06-28 23:22:30 - INFO     | Timer Started: Calculating TF
2022-06-28 23:22:31 - INFO     | Saving LDA vectorizer: artifacts/models/topics/lda-topics-10-ngrams-1-3__vectorizer.pkl
2022-06-28 23:22:31 - INFO     | Saving LDA vectors: artifacts/models/topics/lda-topics-10-ngrams-1-3__vectors.pkl
2022-06-28 23:22:32 - INFO     | Timer Finished: (1.08 seconds)
2022-06-28 23:22:32 - INFO     | Timer Started: Running Latent Dirichlet Allocation (LDA)
2022-06-28 23:22:39 - INFO     | Saving LDA model: artifacts/models/topics/lda-topics-10-ngrams-1-3__model.pkl
2022-06-28 23:22:39 - INFO     | Timer Finished: (7.55 seconds)
2022-06-28 23:22:39 - INFO     | Timer Finished: FUNCTION=__main__:lda (9.13 seconds)
2022-06-28 23:22:42 - INFO     | FUNCTION: K_MEANS
2022-06-28 23:22:42 - INFO     | PARAMS:
2022-06-28 23:22:42 - INFO     |     num_topics: 10
2022-06-28 23:22:42 - INFO     |     ngrams_low: 1
2022-06-28 23:22:42 - INFO     |     ngrams_high: 3
2022-06-28 23:22:42 - INFO     |     num_samples: 5000
2022-06-28 23:22:42 - INFO     | Timer Started: FUNCTION=__main__:k_means
2022-06-28 23:22:42 - INFO     | Running K-Means.
2022-06-28 23:22:42 - INFO     | Number of Topics : 10
2022-06-28 23:22:42 - INFO     | N-Gram Range     : 1-3
2022-06-28 23:22:42 - INFO     | Number of Samples: 5000
2022-06-28 23:22:42 - INFO     | Timer Started: Loading Data
2022-06-28 23:22:42 - INFO     | Timer Finished: (0.28 seconds)
2022-06-28 23:22:42 - INFO     | Timer Started: Calculating TF-IDF
2022-06-28 23:22:42 - INFO     | Saving K-Means vectorizer: artifacts/models/topics/k_means-topics-10-ngrams-1-3__vectorizer.pkl
2022-06-28 23:22:43 - INFO     | Saving K-Means vectors: artifacts/models/topics/k_means-topics-10-ngrams-1-3__vectors.pkl
2022-06-28 23:22:43 - INFO     | Timer Finished: (1.02 seconds)
2022-06-28 23:22:43 - INFO     | Timer Started: Running K-Means Clustering
2022-06-28 23:22:44 - INFO     | Saving K-Means model: artifacts/models/topics/k_means-topics-10-ngrams-1-3__model.pkl
2022-06-28 23:22:44 - INFO     | Timer Finished: (1.10 seconds)
2022-06-28 23:22:44 - INFO     | Timer Finished: FUNCTION=__main__:k_means (2.54 seconds)
2022-06-28 23:22:49 - INFO     | Timer Started: Loading Data
2022-06-28 23:22:49 - INFO     | Timer Finished: (0.30 seconds)
2022-06-28 23:22:49 - INFO     | Timer Started: Loading NMF
2022-06-28 23:22:50 - INFO     | Timer Finished: (0.35 seconds)
2022-06-28 23:22:50 - INFO     | Timer Started: Loading LDA
2022-06-28 23:22:50 - INFO     | Timer Finished: (0.52 seconds)
2022-06-28 23:22:50 - INFO     | Timer Started: Loading K-Means
2022-06-28 23:22:51 - INFO     | Timer Finished: (0.41 seconds)
2022-06-29 01:24:37 - INFO     | FUNCTION: EXTRACT
2022-06-29 01:24:37 - INFO     | Timer Started: FUNCTION=__main__:extract
2022-06-29 01:24:37 - INFO     | Extracting Data
2022-06-29 01:24:37 - INFO     | Timer Started: Loading UN Generate Debate Dataset - Saving to /artifacts/data/raw/un-general-debates-blueprint.pkl
2022-06-29 01:24:37 - INFO     | This dataset was copied from https://github.com/blueprints-for-text-analytics-python/blueprints-text/tree/master/data/un-general-debates
2022-06-29 01:24:45 - INFO     | Timer Finished: (8.32 seconds)
2022-06-29 01:24:45 - INFO     | Timer Started: Loading Reddit Dataset - Saving to /artifacts/data/raw/reddit.pkl
2022-06-29 01:24:45 - INFO     | This dataset was copied from https://github.com/blueprints-for-text-analytics-python/blueprints-text/tree/master/data/reddit-selfposts
2022-06-29 01:24:46 - INFO     | Timer Finished: (1.29 seconds)
2022-06-29 01:24:46 - INFO     | Timer Finished: FUNCTION=__main__:extract (9.73 seconds)
2022-06-29 01:24:49 - INFO     | FUNCTION: TRANSFORM
2022-06-29 01:24:49 - INFO     | Timer Started: FUNCTION=__main__:transform
2022-06-29 01:24:49 - INFO     | Transforming Data
2022-06-29 01:24:49 - INFO     | Timer Started: Loading UN Generate Debate Dataset
2022-06-29 01:24:53 - INFO     | Timer Finished: (3.90 seconds)
2022-06-29 01:24:53 - INFO     | Timer Started: UN Debate - Processing Text Data
2022-06-29 01:24:53 - INFO     | Generating tokens a.k.a uni-grams.
2022-06-29 01:25:03 - INFO     | Generating bi-grams.
2022-06-29 01:25:39 - INFO     | Timer Finished: (45.88 seconds)
2022-06-29 01:25:39 - INFO     | Timer Started: Saving processed UN Debate dataset to /artifacts/data/processed/un-general-debates-blueprint.pkl
2022-06-29 01:26:10 - INFO     | Timer Finished: (30.51 seconds)
2022-06-29 01:26:10 - INFO     | Timer Started: Creating UN dataset that is Per Year/Country/Paragraph
2022-06-29 01:26:11 - INFO     | Timer Finished: (1.52 seconds)
2022-06-29 01:26:11 - INFO     | Timer Started: Saving UN Paragraphs dataset to /artifacts/data/processed/un-general-debates-paragraphs.pkl
2022-06-29 01:26:20 - INFO     | Timer Finished: (9.02 seconds)
2022-06-29 01:26:20 - INFO     | Timer Started: Loading Reddit Dataset - Sampling 5K rows.
2022-06-29 01:26:21 - INFO     | Timer Finished: (0.60 seconds)
2022-06-29 01:26:21 - INFO     | Timer Started: Loading Reddit Dataset - Calculating Impurity
2022-06-29 01:26:21 - INFO     | Timer Finished: (0.08 seconds)
2022-06-29 01:26:21 - INFO     | Timer Started: Cleaning Data
2022-06-29 01:26:23 - INFO     | Timer Finished: (2.43 seconds)
2022-06-29 01:26:23 - INFO     | Timer Started: Tokenizing & Extracting
2022-06-29 01:26:24 - INFO     | Processing Batch 1 of 10
2022-06-29 01:26:34 - INFO     | Processing Batch 2 of 10
2022-06-29 01:26:41 - INFO     | Processing Batch 3 of 10
2022-06-29 01:26:48 - INFO     | Processing Batch 4 of 10
2022-06-29 01:27:25 - INFO     | Processing Batch 5 of 10
2022-06-29 01:27:32 - INFO     | Processing Batch 6 of 10
2022-06-29 01:27:39 - INFO     | Processing Batch 7 of 10
2022-06-29 01:27:45 - INFO     | Processing Batch 8 of 10
2022-06-29 01:27:53 - INFO     | Processing Batch 9 of 10
2022-06-29 01:27:59 - INFO     | Processing Batch 10 of 10
2022-06-29 01:28:06 - INFO     | Timer Finished: (102.34 seconds)
2022-06-29 01:28:06 - INFO     | Timer Started: Reddit - Predicting Language
2022-06-29 01:28:26 - INFO     | Language was not able to be determined on 4 records.
2022-06-29 01:28:26 - INFO     | Timer Finished: (19.55 seconds)
2022-06-29 01:28:26 - INFO     | Timer Started: Saving processed Reddit dataset to /artifacts/data/processed/reddit.pkl
2022-06-29 01:28:27 - INFO     | Timer Finished: (1.38 seconds)
2022-06-29 01:28:30 - INFO     | Timer Finished: FUNCTION=__main__:transform (220.71 seconds)
2022-06-29 01:28:37 - INFO     | Timer Started: Loading Data
2022-06-29 01:28:50 - INFO     | Timer Finished: (12.31 seconds)
2022-06-29 01:29:46 - INFO     | Timer Started: Loading Data
2022-06-29 01:29:47 - INFO     | Timer Finished: (0.68 seconds)
2022-06-29 01:30:00 - INFO     | FUNCTION: NMF
2022-06-29 01:30:00 - INFO     | PARAMS:
2022-06-29 01:30:00 - INFO     |     num_topics: 10
2022-06-29 01:30:00 - INFO     |     ngrams_low: 1
2022-06-29 01:30:00 - INFO     |     ngrams_high: 3
2022-06-29 01:30:00 - INFO     |     num_samples: 5000
2022-06-29 01:30:00 - INFO     | Timer Started: FUNCTION=__main__:nmf
2022-06-29 01:30:00 - INFO     | Running NMF.
2022-06-29 01:30:00 - INFO     | Number of Topics : 10
2022-06-29 01:30:00 - INFO     | N-Gram Range     : 1-3
2022-06-29 01:30:00 - INFO     | Number of Samples: 5000
2022-06-29 01:30:00 - INFO     | Timer Started: Loading Data
2022-06-29 01:30:05 - INFO     | Timer Finished: (4.37 seconds)
2022-06-29 01:30:05 - INFO     | Timer Started: Calculating TF-IDF
2022-06-29 01:30:05 - INFO     | Saving NMF vectorizer: artifacts/models/topics/nmf-topics-10-ngrams-1-3__vectorizer.pkl
2022-06-29 01:30:06 - INFO     | Saving NMF vectors: artifacts/models/topics/nmf-topics-10-ngrams-1-3__vectors.pkl
2022-06-29 01:30:06 - INFO     | Timer Finished: (1.12 seconds)
2022-06-29 01:30:06 - INFO     | Timer Started: Running Non-Negative Matrix Factorization (NMF)
2022-06-29 01:30:07 - INFO     | Saving NMF model: artifacts/models/topics/nmf-topics-10-ngrams-1-3__model.pkl
2022-06-29 01:30:07 - INFO     | Timer Finished: (1.04 seconds)
2022-06-29 01:30:07 - INFO     | Timer Finished: FUNCTION=__main__:nmf (6.61 seconds)
2022-06-29 01:30:09 - INFO     | FUNCTION: LDA
2022-06-29 01:30:09 - INFO     | PARAMS:
2022-06-29 01:30:09 - INFO     |     num_topics: 10
2022-06-29 01:30:09 - INFO     |     ngrams_low: 1
2022-06-29 01:30:09 - INFO     |     ngrams_high: 3
2022-06-29 01:30:09 - INFO     |     num_samples: 5000
2022-06-29 01:30:09 - INFO     | Timer Started: FUNCTION=__main__:lda
2022-06-29 01:30:09 - INFO     | Running LDA.
2022-06-29 01:30:09 - INFO     | Number of Topics : 10
2022-06-29 01:30:09 - INFO     | N-Gram Range     : 1-3
2022-06-29 01:30:09 - INFO     | Number of Samples: 5000
2022-06-29 01:30:09 - INFO     | Timer Started: Loading Data
2022-06-29 01:30:10 - INFO     | Timer Finished: (0.37 seconds)
2022-06-29 01:30:10 - INFO     | Timer Started: Calculating TF
2022-06-29 01:30:10 - INFO     | Saving LDA vectorizer: artifacts/models/topics/lda-topics-10-ngrams-1-3__vectorizer.pkl
2022-06-29 01:30:11 - INFO     | Saving LDA vectors: artifacts/models/topics/lda-topics-10-ngrams-1-3__vectors.pkl
2022-06-29 01:30:11 - INFO     | Timer Finished: (1.10 seconds)
2022-06-29 01:30:11 - INFO     | Timer Started: Running Latent Dirichlet Allocation (LDA)
2022-06-29 01:30:19 - INFO     | Saving LDA model: artifacts/models/topics/lda-topics-10-ngrams-1-3__model.pkl
2022-06-29 01:30:19 - INFO     | Timer Finished: (8.33 seconds)
2022-06-29 01:30:19 - INFO     | Timer Finished: FUNCTION=__main__:lda (9.93 seconds)
2022-06-29 01:30:22 - INFO     | FUNCTION: K_MEANS
2022-06-29 01:30:22 - INFO     | PARAMS:
2022-06-29 01:30:22 - INFO     |     num_topics: 10
2022-06-29 01:30:22 - INFO     |     ngrams_low: 1
2022-06-29 01:30:22 - INFO     |     ngrams_high: 3
2022-06-29 01:30:22 - INFO     |     num_samples: 5000
2022-06-29 01:30:22 - INFO     | Timer Started: FUNCTION=__main__:k_means
2022-06-29 01:30:22 - INFO     | Running K-Means.
2022-06-29 01:30:22 - INFO     | Number of Topics : 10
2022-06-29 01:30:22 - INFO     | N-Gram Range     : 1-3
2022-06-29 01:30:22 - INFO     | Number of Samples: 5000
2022-06-29 01:30:22 - INFO     | Timer Started: Loading Data
2022-06-29 01:30:22 - INFO     | Timer Finished: (0.34 seconds)
2022-06-29 01:30:22 - INFO     | Timer Started: Calculating TF-IDF
2022-06-29 01:30:23 - INFO     | Saving K-Means vectorizer: artifacts/models/topics/k_means-topics-10-ngrams-1-3__vectorizer.pkl
2022-06-29 01:30:23 - INFO     | Saving K-Means vectors: artifacts/models/topics/k_means-topics-10-ngrams-1-3__vectors.pkl
2022-06-29 01:30:23 - INFO     | Timer Finished: (0.90 seconds)
2022-06-29 01:30:23 - INFO     | Timer Started: Running K-Means Clustering
2022-06-29 01:30:25 - INFO     | Saving K-Means model: artifacts/models/topics/k_means-topics-10-ngrams-1-3__model.pkl
2022-06-29 01:30:25 - INFO     | Timer Finished: (1.50 seconds)
2022-06-29 01:30:25 - INFO     | Timer Finished: FUNCTION=__main__:k_means (2.92 seconds)
2022-06-29 01:30:31 - INFO     | Timer Started: Loading Data
2022-06-29 01:30:32 - INFO     | Timer Finished: (0.33 seconds)
2022-06-29 01:30:32 - INFO     | Timer Started: Loading NMF
2022-06-29 01:30:32 - INFO     | Timer Finished: (0.38 seconds)
2022-06-29 01:30:32 - INFO     | Timer Started: Loading LDA
2022-06-29 01:30:32 - INFO     | Timer Finished: (0.35 seconds)
2022-06-29 01:30:32 - INFO     | Timer Started: Loading K-Means
2022-06-29 01:30:33 - INFO     | Timer Finished: (0.46 seconds)
2022-06-29 02:20:10 - INFO     | FUNCTION: TRANSFORM
2022-06-29 02:20:10 - INFO     | Timer Started: FUNCTION=__main__:transform
2022-06-29 02:20:10 - INFO     | Transforming Data
2022-06-29 02:20:42 - INFO     | Num CPUs: 8
2022-06-29 02:21:01 - INFO     | Timer Started: Loading UN Generate Debate Dataset
2022-06-29 02:21:05 - INFO     | Timer Finished: (4.69 seconds)
2022-06-29 02:40:07 - INFO     | FUNCTION: TRANSFORM
2022-06-29 02:40:07 - INFO     | Timer Started: FUNCTION=__main__:transform
2022-06-29 02:40:07 - INFO     | Transforming Data
2022-06-29 02:40:27 - INFO     | Num CPUs: 8
2022-06-29 02:40:27 - INFO     | Timer Started: Loading UN Generate Debate Dataset
2022-06-29 02:40:28 - INFO     | Timer Finished: (0.37 seconds)
2022-06-29 02:40:48 - INFO     | Num CPUs: 8
2022-06-29 02:40:48 - INFO     | Timer Started: Loading UN Generate Debate Dataset
2022-06-29 02:40:48 - INFO     | Timer Finished: (0.22 seconds)
2022-06-29 02:46:03 - INFO     | Generating tokens a.k.a uni-grams.
2022-06-29 02:46:04 - INFO     | Generating bi-grams.
2022-06-29 02:46:59 - INFO     | Generating tokens a.k.a uni-grams.
2022-06-29 02:47:00 - INFO     | Generating bi-grams.
2022-06-29 02:52:40 - INFO     | FUNCTION: TRANSFORM
2022-06-29 02:52:40 - INFO     | Timer Started: FUNCTION=__main__:transform
2022-06-29 02:52:40 - INFO     | Transforming Data
2022-06-29 02:52:40 - INFO     | Num CPUs: 8
2022-06-29 02:52:40 - INFO     | Timer Started: Loading UN Generate Debate Dataset
2022-06-29 02:52:41 - INFO     | Timer Finished: (0.33 seconds)
2022-06-29 02:52:41 - INFO     | Timer Started: UN Debate - Processing Text Data
2022-06-29 02:52:43 - INFO     | Generating tokens a.k.a uni-grams.
2022-06-29 02:52:43 - INFO     | Generating tokens a.k.a uni-grams.
2022-06-29 02:52:43 - INFO     | Generating tokens a.k.a uni-grams.
2022-06-29 02:52:43 - INFO     | Generating tokens a.k.a uni-grams.
2022-06-29 02:52:43 - INFO     | Generating tokens a.k.a uni-grams.
2022-06-29 02:52:44 - INFO     | Generating tokens a.k.a uni-grams.
2022-06-29 02:52:44 - INFO     | Generating tokens a.k.a uni-grams.
2022-06-29 02:52:44 - INFO     | Generating tokens a.k.a uni-grams.
2022-06-29 02:52:44 - INFO     | Generating tokens a.k.a uni-grams.
2022-06-29 02:52:44 - INFO     | Generating tokens a.k.a uni-grams.
2022-06-29 02:52:44 - INFO     | Generating tokens a.k.a uni-grams.
2022-06-29 02:52:44 - INFO     | Generating tokens a.k.a uni-grams.
2022-06-29 02:52:45 - INFO     | Generating tokens a.k.a uni-grams.
2022-06-29 02:52:45 - INFO     | Generating tokens a.k.a uni-grams.
2022-06-29 02:52:45 - INFO     | Generating tokens a.k.a uni-grams.
2022-06-29 02:52:45 - INFO     | Generating tokens a.k.a uni-grams.
2022-06-29 02:52:46 - INFO     | Generating bi-grams.
2022-06-29 02:52:46 - INFO     | Generating bi-grams.
2022-06-29 02:52:47 - INFO     | Generating bi-grams.
2022-06-29 02:52:47 - INFO     | Generating bi-grams.
2022-06-29 02:52:47 - INFO     | Generating bi-grams.
2022-06-29 02:52:48 - INFO     | Generating bi-grams.
2022-06-29 02:52:48 - INFO     | Generating bi-grams.
2022-06-29 02:52:48 - INFO     | Generating bi-grams.
2022-06-29 02:52:48 - INFO     | Generating bi-grams.
2022-06-29 02:52:48 - INFO     | Generating bi-grams.
2022-06-29 02:52:48 - INFO     | Generating bi-grams.
2022-06-29 02:52:48 - INFO     | Generating bi-grams.
2022-06-29 02:52:49 - INFO     | Generating bi-grams.
2022-06-29 02:52:49 - INFO     | Generating bi-grams.
2022-06-29 02:52:49 - INFO     | Generating bi-grams.
2022-06-29 02:52:49 - INFO     | Generating bi-grams.
2022-06-29 02:53:11 - INFO     | Timer Finished: (29.97 seconds)
2022-06-29 02:53:13 - INFO     | Timer Finished: FUNCTION=__main__:transform (32.56 seconds)
2022-06-29 03:07:00 - INFO     | FUNCTION: TRANSFORM
2022-06-29 03:07:00 - INFO     | Timer Started: FUNCTION=__main__:transform
2022-06-29 03:07:00 - INFO     | Transforming Data
2022-06-29 03:07:00 - INFO     | Num CPUs: 8
2022-06-29 03:07:00 - INFO     | Timer Started: Loading UN Generate Debate Dataset
2022-06-29 03:07:01 - INFO     | Timer Finished: (0.43 seconds)
2022-06-29 03:22:46 - INFO     | FUNCTION: TRANSFORM
2022-06-29 03:22:46 - INFO     | Timer Started: FUNCTION=__main__:transform
2022-06-29 03:22:46 - INFO     | Transforming Data
2022-06-29 03:22:46 - INFO     | Num CPUs: 8
2022-06-29 03:22:46 - INFO     | Timer Started: Loading UN Generate Debate Dataset
2022-06-29 03:22:46 - INFO     | Timer Finished: (0.37 seconds)
2022-06-29 03:22:46 - INFO     | Timer Started: UN Debate - Processing Text Data
2022-06-29 03:23:10 - INFO     | Timer Finished: (23.72 seconds)
2022-06-29 03:23:10 - INFO     | Timer Finished: FUNCTION=__main__:transform (24.12 seconds)
2022-06-29 03:25:28 - INFO     | FUNCTION: TRANSFORM
2022-06-29 03:25:28 - INFO     | Timer Started: FUNCTION=__main__:transform
2022-06-29 03:25:28 - INFO     | Transforming Data
2022-06-29 03:25:28 - INFO     | Num CPUs: 8
2022-06-29 03:25:28 - INFO     | Timer Started: Loading UN Generate Debate Dataset
2022-06-29 03:25:29 - INFO     | Timer Finished: (0.34 seconds)
2022-06-29 03:25:29 - INFO     | Timer Started: UN Debate - Processing Text Data
2022-06-29 03:29:12 - INFO     | Timer Finished: (223.02 seconds)
2022-06-29 03:29:12 - INFO     | Timer Finished: FUNCTION=__main__:transform (223.40 seconds)
2022-06-29 03:29:41 - INFO     | FUNCTION: TRANSFORM
2022-06-29 03:29:41 - INFO     | Timer Started: FUNCTION=__main__:transform
2022-06-29 03:29:41 - INFO     | Transforming Data
2022-06-29 03:29:41 - INFO     | Num CPUs: 8
2022-06-29 03:29:41 - INFO     | Timer Started: Loading UN Generate Debate Dataset
2022-06-29 03:29:45 - INFO     | Timer Finished: (4.17 seconds)
2022-06-29 03:29:45 - INFO     | Timer Started: UN Debate - Processing Text Data
2022-06-29 03:30:07 - INFO     | Timer Finished: (21.74 seconds)
2022-06-29 03:30:38 - INFO     | Timer Started: Creating UN dataset that is Per Year/Country/Paragraph
2022-06-29 03:30:43 - INFO     | Timer Finished: (5.20 seconds)
2022-06-29 03:30:43 - INFO     | Timer Started: Saving UN Paragraphs dataset to /artifacts/data/processed/un-general-debates-paragraphs.pkl
2022-06-29 03:30:50 - INFO     | Timer Finished: (6.54 seconds)
2022-06-29 03:30:50 - INFO     | Timer Started: Loading Reddit Dataset - Sampling 5K rows.
2022-06-29 03:30:50 - INFO     | Timer Finished: (0.53 seconds)
2022-06-29 03:30:50 - INFO     | Timer Started: Loading Reddit Dataset - Calculating Impurity
2022-06-29 03:30:50 - INFO     | Timer Finished: (0.10 seconds)
2022-06-29 03:30:50 - INFO     | Timer Started: Cleaning Data
2022-06-29 03:30:53 - INFO     | Timer Finished: (2.43 seconds)
2022-06-29 03:30:53 - INFO     | Timer Started: Tokenizing & Extracting
2022-06-29 03:30:54 - INFO     | Processing Batch 1 of 10
2022-06-29 03:30:56 - INFO     | Timer Finished: (2.66 seconds)
2022-06-29 03:30:56 - INFO     | Timer Finished: FUNCTION=__main__:transform (74.38 seconds)
2022-06-29 03:34:47 - INFO     | FUNCTION: EXTRACT
2022-06-29 03:34:47 - INFO     | Timer Started: FUNCTION=__main__:extract
2022-06-29 03:34:47 - INFO     | Extracting Data
2022-06-29 03:34:47 - INFO     | Timer Started: Loading UN Generate Debate Dataset - Saving to /artifacts/data/raw/un-general-debates-blueprint.pkl
2022-06-29 03:34:47 - INFO     | This dataset was copied from https://github.com/blueprints-for-text-analytics-python/blueprints-text/tree/master/data/un-general-debates
2022-06-29 03:34:58 - INFO     | Timer Finished: (10.12 seconds)
2022-06-29 03:34:58 - INFO     | Timer Started: Loading Reddit Dataset - Saving to /artifacts/data/raw/reddit.pkl
2022-06-29 03:34:58 - INFO     | This dataset was copied from https://github.com/blueprints-for-text-analytics-python/blueprints-text/tree/master/data/reddit-selfposts
2022-06-29 03:34:59 - INFO     | Timer Finished: (1.28 seconds)
2022-06-29 03:34:59 - INFO     | Timer Finished: FUNCTION=__main__:extract (11.54 seconds)
2022-06-29 03:35:02 - INFO     | FUNCTION: TRANSFORM
2022-06-29 03:35:02 - INFO     | Timer Started: FUNCTION=__main__:transform
2022-06-29 03:35:02 - INFO     | Transforming Data
2022-06-29 03:35:02 - INFO     | Num CPUs: 8
2022-06-29 03:35:02 - INFO     | Timer Started: Loading UN Generate Debate Dataset
2022-06-29 03:35:06 - INFO     | Timer Finished: (4.28 seconds)
2022-06-29 03:35:06 - INFO     | Timer Started: UN Debate - Processing Text Data
2022-06-29 03:35:26 - INFO     | Timer Finished: (19.46 seconds)
2022-06-29 03:35:26 - INFO     | Timer Started: Saving UN-Debaates
2022-06-29 03:35:51 - INFO     | Timer Finished: (25.80 seconds)
2022-06-29 03:35:51 - INFO     | Timer Started: Creating UN dataset that is Per Year/Country/Paragraph
2022-06-29 03:35:56 - INFO     | Timer Finished: (4.37 seconds)
2022-06-29 03:35:56 - INFO     | Timer Started: Saving UN Paragraphs dataset to /artifacts/data/processed/un-general-debates-paragraphs.pkl
2022-06-29 03:36:02 - INFO     | Timer Finished: (6.67 seconds)
2022-06-29 03:36:02 - INFO     | Timer Started: Loading Reddit Dataset - Sampling 5K rows.
2022-06-29 03:36:03 - INFO     | Timer Finished: (0.53 seconds)
2022-06-29 03:36:03 - INFO     | Timer Started: Loading Reddit Dataset - Calculating Impurity
2022-06-29 03:36:03 - INFO     | Timer Finished: (0.05 seconds)
2022-06-29 03:36:03 - INFO     | Timer Started: Cleaning Data
2022-06-29 03:36:05 - INFO     | Timer Finished: (2.50 seconds)
2022-06-29 03:36:06 - INFO     | Timer Started: Tokenizing & Extracting
2022-06-29 03:36:06 - INFO     | Processing Batch 1 of 10
2022-06-29 03:36:13 - INFO     | Processing Batch 2 of 10
2022-06-29 03:36:21 - INFO     | Processing Batch 3 of 10
2022-06-29 03:36:28 - INFO     | Processing Batch 4 of 10
2022-06-29 03:36:38 - INFO     | Processing Batch 5 of 10
2022-06-29 03:36:45 - INFO     | Processing Batch 6 of 10
2022-06-29 03:36:51 - INFO     | Processing Batch 7 of 10
2022-06-29 03:36:58 - INFO     | Processing Batch 8 of 10
2022-06-29 03:37:05 - INFO     | Processing Batch 9 of 10
2022-06-29 03:37:11 - INFO     | Processing Batch 10 of 10
2022-06-29 03:37:18 - INFO     | Timer Finished: (72.09 seconds)
2022-06-29 03:37:18 - INFO     | Timer Started: Reddit - Predicting Language
2022-06-29 03:37:42 - INFO     | Language was not able to be determined on 4 records.
2022-06-29 03:37:42 - INFO     | Timer Finished: (24.42 seconds)
2022-06-29 03:37:42 - INFO     | Timer Started: Saving processed Reddit dataset to /artifacts/data/processed/reddit.pkl
2022-06-29 03:37:44 - INFO     | Timer Finished: (1.68 seconds)
2022-06-29 03:37:52 - INFO     | Timer Finished: FUNCTION=__main__:transform (170.31 seconds)
2022-06-29 03:38:01 - INFO     | Timer Started: Loading Data
2022-06-29 03:38:13 - INFO     | Timer Finished: (12.56 seconds)
2022-06-29 03:39:05 - INFO     | Timer Started: Loading Data
2022-06-29 03:39:05 - INFO     | Timer Finished: (0.57 seconds)
2022-06-29 03:39:17 - INFO     | FUNCTION: NMF
2022-06-29 03:39:17 - INFO     | PARAMS:
2022-06-29 03:39:17 - INFO     |     num_topics: 10
2022-06-29 03:39:17 - INFO     |     ngrams_low: 1
2022-06-29 03:39:17 - INFO     |     ngrams_high: 3
2022-06-29 03:39:17 - INFO     |     num_samples: 5000
2022-06-29 03:39:17 - INFO     | Timer Started: FUNCTION=__main__:nmf
2022-06-29 03:39:17 - INFO     | Running NMF.
2022-06-29 03:39:17 - INFO     | Number of Topics : 10
2022-06-29 03:39:17 - INFO     | N-Gram Range     : 1-3
2022-06-29 03:39:17 - INFO     | Number of Samples: 5000
2022-06-29 03:39:17 - INFO     | Timer Started: Loading Data
2022-06-29 03:39:21 - INFO     | Timer Finished: (4.06 seconds)
2022-06-29 03:39:21 - INFO     | Timer Started: Calculating TF-IDF
2022-06-29 03:39:22 - INFO     | Saving NMF vectorizer: artifacts/models/topics/nmf-topics-10-ngrams-1-3__vectorizer.pkl
2022-06-29 03:39:23 - INFO     | Saving NMF vectors: artifacts/models/topics/nmf-topics-10-ngrams-1-3__vectors.pkl
2022-06-29 03:39:23 - INFO     | Timer Finished: (1.29 seconds)
2022-06-29 03:39:23 - INFO     | Timer Started: Running Non-Negative Matrix Factorization (NMF)
2022-06-29 03:39:24 - INFO     | Saving NMF model: artifacts/models/topics/nmf-topics-10-ngrams-1-3__model.pkl
2022-06-29 03:39:24 - INFO     | Timer Finished: (1.23 seconds)
2022-06-29 03:39:24 - INFO     | Timer Finished: FUNCTION=__main__:nmf (6.70 seconds)
2022-06-29 03:39:27 - INFO     | FUNCTION: LDA
2022-06-29 03:39:27 - INFO     | PARAMS:
2022-06-29 03:39:27 - INFO     |     num_topics: 10
2022-06-29 03:39:27 - INFO     |     ngrams_low: 1
2022-06-29 03:39:27 - INFO     |     ngrams_high: 3
2022-06-29 03:39:27 - INFO     |     num_samples: 5000
2022-06-29 03:39:27 - INFO     | Timer Started: FUNCTION=__main__:lda
2022-06-29 03:39:27 - INFO     | Running LDA.
2022-06-29 03:39:27 - INFO     | Number of Topics : 10
2022-06-29 03:39:27 - INFO     | N-Gram Range     : 1-3
2022-06-29 03:39:27 - INFO     | Number of Samples: 5000
2022-06-29 03:39:27 - INFO     | Timer Started: Loading Data
2022-06-29 03:39:27 - INFO     | Timer Finished: (0.33 seconds)
2022-06-29 03:39:27 - INFO     | Timer Started: Calculating TF
2022-06-29 03:39:28 - INFO     | Saving LDA vectorizer: artifacts/models/topics/lda-topics-10-ngrams-1-3__vectorizer.pkl
2022-06-29 03:39:28 - INFO     | Saving LDA vectors: artifacts/models/topics/lda-topics-10-ngrams-1-3__vectors.pkl
2022-06-29 03:39:28 - INFO     | Timer Finished: (1.01 seconds)
2022-06-29 03:39:28 - INFO     | Timer Started: Running Latent Dirichlet Allocation (LDA)
2022-06-29 03:39:36 - INFO     | Saving LDA model: artifacts/models/topics/lda-topics-10-ngrams-1-3__model.pkl
2022-06-29 03:39:36 - INFO     | Timer Finished: (8.15 seconds)
2022-06-29 03:39:36 - INFO     | Timer Finished: FUNCTION=__main__:lda (9.63 seconds)
2022-06-29 03:39:39 - INFO     | FUNCTION: K_MEANS
2022-06-29 03:39:39 - INFO     | PARAMS:
2022-06-29 03:39:39 - INFO     |     num_topics: 10
2022-06-29 03:39:39 - INFO     |     ngrams_low: 1
2022-06-29 03:39:39 - INFO     |     ngrams_high: 3
2022-06-29 03:39:39 - INFO     |     num_samples: 5000
2022-06-29 03:39:39 - INFO     | Timer Started: FUNCTION=__main__:k_means
2022-06-29 03:39:39 - INFO     | Running K-Means.
2022-06-29 03:39:39 - INFO     | Number of Topics : 10
2022-06-29 03:39:39 - INFO     | N-Gram Range     : 1-3
2022-06-29 03:39:39 - INFO     | Number of Samples: 5000
2022-06-29 03:39:39 - INFO     | Timer Started: Loading Data
2022-06-29 03:39:39 - INFO     | Timer Finished: (0.38 seconds)
2022-06-29 03:39:39 - INFO     | Timer Started: Calculating TF-IDF
2022-06-29 03:39:40 - INFO     | Saving K-Means vectorizer: artifacts/models/topics/k_means-topics-10-ngrams-1-3__vectorizer.pkl
2022-06-29 03:39:40 - INFO     | Saving K-Means vectors: artifacts/models/topics/k_means-topics-10-ngrams-1-3__vectors.pkl
2022-06-29 03:39:40 - INFO     | Timer Finished: (1.02 seconds)
2022-06-29 03:39:40 - INFO     | Timer Started: Running K-Means Clustering
2022-06-29 03:39:42 - INFO     | Saving K-Means model: artifacts/models/topics/k_means-topics-10-ngrams-1-3__model.pkl
2022-06-29 03:39:42 - INFO     | Timer Finished: (1.11 seconds)
2022-06-29 03:39:42 - INFO     | Timer Finished: FUNCTION=__main__:k_means (2.65 seconds)
2022-06-29 03:39:47 - INFO     | Timer Started: Loading Data
2022-06-29 03:39:48 - INFO     | Timer Finished: (0.32 seconds)
2022-06-29 03:39:48 - INFO     | Timer Started: Loading NMF
2022-06-29 03:39:48 - INFO     | Timer Finished: (0.46 seconds)
2022-06-29 03:39:48 - INFO     | Timer Started: Loading LDA
2022-06-29 03:39:48 - INFO     | Timer Finished: (0.42 seconds)
2022-06-29 03:39:48 - INFO     | Timer Started: Loading K-Means
2022-06-29 03:39:49 - INFO     | Timer Finished: (0.52 seconds)
2022-06-29 03:58:24 - INFO     | FUNCTION: TRANSFORM
2022-06-29 03:58:24 - INFO     | Timer Started: FUNCTION=__main__:transform
2022-06-29 04:04:23 - INFO     | FUNCTION: EXTRACT
2022-06-29 04:04:23 - INFO     | Timer Started: FUNCTION=__main__:extract
2022-06-29 04:04:23 - INFO     | Extracting Data
2022-06-29 04:04:23 - INFO     | Timer Started: Loading UN Generate Debate Dataset - Saving to /artifacts/data/raw/un-general-debates-blueprint.pkl
2022-06-29 04:04:23 - INFO     | This dataset was copied from https://github.com/blueprints-for-text-analytics-python/blueprints-text/tree/master/data/un-general-debates
2022-06-29 04:04:33 - INFO     | Timer Finished: (9.75 seconds)
2022-06-29 04:04:33 - INFO     | Timer Started: Loading Reddit Dataset - Saving to /artifacts/data/raw/reddit.pkl
2022-06-29 04:04:33 - INFO     | This dataset was copied from https://github.com/blueprints-for-text-analytics-python/blueprints-text/tree/master/data/reddit-selfposts
2022-06-29 04:04:34 - INFO     | Timer Finished: (1.13 seconds)
2022-06-29 04:04:34 - INFO     | Timer Finished: FUNCTION=__main__:extract (10.97 seconds)
2022-06-29 04:04:37 - INFO     | FUNCTION: TRANSFORM
2022-06-29 04:04:37 - INFO     | Timer Started: FUNCTION=__main__:transform
2022-06-29 04:04:37 - INFO     | Timer Started: Loading UN Generate Debate Dataset
2022-06-29 04:04:41 - INFO     | Timer Finished: (3.91 seconds)
2022-06-29 04:04:41 - INFO     | Timer Started: UN Debate - Processing Text Data
2022-06-29 04:04:59 - INFO     | Timer Finished: (17.54 seconds)
2022-06-29 04:04:59 - INFO     | Timer Started: Saving UN-Debaates
2022-06-29 04:05:42 - INFO     | Timer Finished: (42.90 seconds)
2022-06-29 04:05:42 - INFO     | Timer Started: Creating UN dataset that is Per Year/Country/Paragraph
2022-06-29 04:05:49 - INFO     | Timer Finished: (7.12 seconds)
2022-06-29 04:05:49 - INFO     | Timer Started: Saving UN Paragraphs dataset to /artifacts/data/processed/un-general-debates-paragraphs.pkl
2022-06-29 04:05:58 - INFO     | Timer Finished: (9.66 seconds)
2022-06-29 04:05:58 - INFO     | Timer Started: Loading Reddit Dataset - Sampling 5K rows.
2022-06-29 04:05:59 - INFO     | Timer Finished: (0.90 seconds)
2022-06-29 04:05:59 - INFO     | Timer Started: Loading Reddit Dataset - Calculating Impurity
2022-06-29 04:05:59 - INFO     | Timer Finished: (0.14 seconds)
2022-06-29 04:05:59 - INFO     | Timer Started: Cleaning Data
2022-06-29 04:06:02 - INFO     | Timer Finished: (2.61 seconds)
2022-06-29 04:06:02 - INFO     | Timer Started: Tokenizing & Extracting
2022-06-29 04:06:03 - INFO     | Timer Finished: (0.91 seconds)
2022-06-29 04:06:03 - INFO     | Timer Finished: FUNCTION=__main__:transform (85.80 seconds)
2022-06-29 04:07:10 - INFO     | FUNCTION: EXTRACT
2022-06-29 04:07:10 - INFO     | Timer Started: FUNCTION=__main__:extract
2022-06-29 04:07:10 - INFO     | Extracting Data
2022-06-29 04:07:10 - INFO     | Timer Started: Loading UN Generate Debate Dataset - Saving to /artifacts/data/raw/un-general-debates-blueprint.pkl
2022-06-29 04:07:10 - INFO     | This dataset was copied from https://github.com/blueprints-for-text-analytics-python/blueprints-text/tree/master/data/un-general-debates
2022-06-29 04:07:18 - INFO     | Timer Finished: (8.31 seconds)
2022-06-29 04:07:18 - INFO     | Timer Started: Loading Reddit Dataset - Saving to /artifacts/data/raw/reddit.pkl
2022-06-29 04:07:18 - INFO     | This dataset was copied from https://github.com/blueprints-for-text-analytics-python/blueprints-text/tree/master/data/reddit-selfposts
2022-06-29 04:07:19 - INFO     | Timer Finished: (1.13 seconds)
2022-06-29 04:07:19 - INFO     | Timer Finished: FUNCTION=__main__:extract (9.65 seconds)
2022-06-29 04:07:22 - INFO     | FUNCTION: TRANSFORM
2022-06-29 04:07:22 - INFO     | Timer Started: FUNCTION=__main__:transform
2022-06-29 04:07:22 - INFO     | Timer Started: Loading UN Generate Debate Dataset
2022-06-29 04:07:27 - INFO     | Timer Finished: (4.72 seconds)
2022-06-29 04:07:27 - INFO     | Timer Started: UN Debate - Processing Text Data
2022-06-29 04:07:41 - INFO     | Timer Finished: (14.06 seconds)
2022-06-29 04:07:41 - INFO     | Timer Started: Saving UN-Debaates
2022-06-29 04:08:13 - INFO     | Timer Finished: (31.58 seconds)
2022-06-29 04:08:13 - INFO     | Timer Started: Creating UN dataset that is Per Year/Country/Paragraph
2022-06-29 04:08:17 - INFO     | Timer Finished: (4.67 seconds)
2022-06-29 04:08:17 - INFO     | Timer Started: Saving UN Paragraphs dataset to /artifacts/data/processed/un-general-debates-paragraphs.pkl
2022-06-29 04:08:25 - INFO     | Timer Finished: (7.75 seconds)
2022-06-29 04:08:25 - INFO     | Timer Started: Loading Reddit Dataset - Sampling 5K rows.
2022-06-29 04:08:26 - INFO     | Timer Finished: (0.67 seconds)
2022-06-29 04:08:26 - INFO     | Timer Started: Loading Reddit Dataset - Calculating Impurity
2022-06-29 04:08:26 - INFO     | Timer Finished: (0.10 seconds)
2022-06-29 04:08:26 - INFO     | Timer Started: Cleaning Data
2022-06-29 04:08:28 - INFO     | Timer Finished: (2.44 seconds)
2022-06-29 04:08:28 - INFO     | Timer Started: Tokenizing & Extracting
2022-06-29 04:11:14 - INFO     | Timer Finished: (165.53 seconds)
2022-06-29 04:11:14 - INFO     | Timer Finished: FUNCTION=__main__:transform (231.68 seconds)
2022-06-29 04:14:36 - INFO     | FUNCTION: TRANSFORM
2022-06-29 04:14:36 - INFO     | Timer Started: FUNCTION=__main__:transform
2022-06-29 04:14:57 - INFO     | Timer Started: Loading Reddit Dataset - Sampling 5K rows.
2022-06-29 04:14:58 - INFO     | Timer Finished: (0.55 seconds)
2022-06-29 04:15:22 - INFO     | Timer Started: Cleaning Data
2022-06-29 04:15:24 - INFO     | Timer Finished: (2.78 seconds)
2022-06-29 04:25:44 - INFO     | Timer Started: Loading Data
2022-06-29 04:25:56 - INFO     | Timer Finished: (11.83 seconds)
2022-06-29 04:26:39 - INFO     | Timer Started: Loading Data
2022-06-29 04:26:40 - INFO     | Timer Finished: (0.60 seconds)
2022-06-29 04:26:53 - INFO     | FUNCTION: NMF
2022-06-29 04:26:53 - INFO     | PARAMS:
2022-06-29 04:26:53 - INFO     |     num_topics: 10
2022-06-29 04:26:53 - INFO     |     ngrams_low: 1
2022-06-29 04:26:53 - INFO     |     ngrams_high: 3
2022-06-29 04:26:53 - INFO     |     num_samples: 5000
2022-06-29 04:26:53 - INFO     | Timer Started: FUNCTION=__main__:nmf
2022-06-29 04:26:53 - INFO     | Running NMF.
2022-06-29 04:26:53 - INFO     | Number of Topics : 10
2022-06-29 04:26:53 - INFO     | N-Gram Range     : 1-3
2022-06-29 04:26:53 - INFO     | Number of Samples: 5000
2022-06-29 04:26:53 - INFO     | Timer Started: Loading Data
2022-06-29 04:26:57 - INFO     | Timer Finished: (4.10 seconds)
2022-06-29 04:26:57 - INFO     | Timer Started: Calculating TF-IDF
2022-06-29 04:26:58 - INFO     | Saving NMF vectorizer: artifacts/models/topics/nmf-topics-10-ngrams-1-3__vectorizer.pkl
2022-06-29 04:26:58 - INFO     | Saving NMF vectors: artifacts/models/topics/nmf-topics-10-ngrams-1-3__vectors.pkl
2022-06-29 04:26:58 - INFO     | Timer Finished: (1.05 seconds)
2022-06-29 04:26:58 - INFO     | Timer Started: Running Non-Negative Matrix Factorization (NMF)
2022-06-29 04:26:59 - INFO     | Saving NMF model: artifacts/models/topics/nmf-topics-10-ngrams-1-3__model.pkl
2022-06-29 04:27:00 - INFO     | Timer Finished: (1.24 seconds)
2022-06-29 04:27:00 - INFO     | Timer Finished: FUNCTION=__main__:nmf (6.56 seconds)
2022-06-29 04:27:02 - INFO     | FUNCTION: LDA
2022-06-29 04:27:02 - INFO     | PARAMS:
2022-06-29 04:27:02 - INFO     |     num_topics: 10
2022-06-29 04:27:02 - INFO     |     ngrams_low: 1
2022-06-29 04:27:02 - INFO     |     ngrams_high: 3
2022-06-29 04:27:02 - INFO     |     num_samples: 5000
2022-06-29 04:27:02 - INFO     | Timer Started: FUNCTION=__main__:lda
2022-06-29 04:27:02 - INFO     | Running LDA.
2022-06-29 04:27:02 - INFO     | Number of Topics : 10
2022-06-29 04:27:02 - INFO     | N-Gram Range     : 1-3
2022-06-29 04:27:02 - INFO     | Number of Samples: 5000
2022-06-29 04:27:02 - INFO     | Timer Started: Loading Data
2022-06-29 04:27:03 - INFO     | Timer Finished: (0.39 seconds)
2022-06-29 04:27:03 - INFO     | Timer Started: Calculating TF
2022-06-29 04:27:03 - INFO     | Saving LDA vectorizer: artifacts/models/topics/lda-topics-10-ngrams-1-3__vectorizer.pkl
2022-06-29 04:27:03 - INFO     | Saving LDA vectors: artifacts/models/topics/lda-topics-10-ngrams-1-3__vectors.pkl
2022-06-29 04:27:04 - INFO     | Timer Finished: (1.00 seconds)
2022-06-29 04:27:04 - INFO     | Timer Started: Running Latent Dirichlet Allocation (LDA)
2022-06-29 04:27:11 - INFO     | Saving LDA model: artifacts/models/topics/lda-topics-10-ngrams-1-3__model.pkl
2022-06-29 04:27:11 - INFO     | Timer Finished: (7.53 seconds)
2022-06-29 04:27:11 - INFO     | Timer Finished: FUNCTION=__main__:lda (9.10 seconds)
2022-06-29 04:27:14 - INFO     | FUNCTION: K_MEANS
2022-06-29 04:27:14 - INFO     | PARAMS:
2022-06-29 04:27:14 - INFO     |     num_topics: 10
2022-06-29 04:27:14 - INFO     |     ngrams_low: 1
2022-06-29 04:27:14 - INFO     |     ngrams_high: 3
2022-06-29 04:27:14 - INFO     |     num_samples: 5000
2022-06-29 04:27:14 - INFO     | Timer Started: FUNCTION=__main__:k_means
2022-06-29 04:27:14 - INFO     | Running K-Means.
2022-06-29 04:27:14 - INFO     | Number of Topics : 10
2022-06-29 04:27:14 - INFO     | N-Gram Range     : 1-3
2022-06-29 04:27:14 - INFO     | Number of Samples: 5000
2022-06-29 04:27:14 - INFO     | Timer Started: Loading Data
2022-06-29 04:27:14 - INFO     | Timer Finished: (0.36 seconds)
2022-06-29 04:27:14 - INFO     | Timer Started: Calculating TF-IDF
2022-06-29 04:27:15 - INFO     | Saving K-Means vectorizer: artifacts/models/topics/k_means-topics-10-ngrams-1-3__vectorizer.pkl
2022-06-29 04:27:15 - INFO     | Saving K-Means vectors: artifacts/models/topics/k_means-topics-10-ngrams-1-3__vectors.pkl
2022-06-29 04:27:15 - INFO     | Timer Finished: (1.03 seconds)
2022-06-29 04:27:15 - INFO     | Timer Started: Running K-Means Clustering
2022-06-29 04:27:16 - INFO     | Saving K-Means model: artifacts/models/topics/k_means-topics-10-ngrams-1-3__model.pkl
2022-06-29 04:27:16 - INFO     | Timer Finished: (0.96 seconds)
2022-06-29 04:27:16 - INFO     | Timer Finished: FUNCTION=__main__:k_means (2.43 seconds)
2022-06-29 04:27:21 - INFO     | Timer Started: Loading Data
2022-06-29 04:27:22 - INFO     | Timer Finished: (0.27 seconds)
2022-06-29 04:27:22 - INFO     | Timer Started: Loading NMF
2022-06-29 04:27:22 - INFO     | Timer Finished: (0.43 seconds)
2022-06-29 04:27:22 - INFO     | Timer Started: Loading LDA
2022-06-29 04:27:23 - INFO     | Timer Finished: (0.38 seconds)
2022-06-29 04:27:23 - INFO     | Timer Started: Loading K-Means
2022-06-29 04:27:23 - INFO     | Timer Finished: (0.50 seconds)
